14:48:30 **** Build of configuration Debug for project DRIVER_DEVELOPMENT ****
make -j12 all 
arm-none-eabi-gcc -mcpu=cortex-m4 -g3 -DDEBUG -c -x assembler-with-cpp -MMD -MP -MF"Startup/startup_stm32f401vctx.d" -MT"Startup/startup_stm32f401vctx.o" --specs=nano.specs -mfpu=fpv4-sp-d16 -mfloat-abi=hard -mthumb -o "Startup/startup_stm32f401vctx.o" "../Startup/startup_stm32f401vctx.s"
arm-none-eabi-gcc "../Src/main.c" -mcpu=cortex-m4 -std=gnu11 -g3 -DDEBUG -DSTM32 -DSTM32F401C_DISCO -DSTM32F4 -DSTM32F401VCTx -c -I../Inc -I"C:/Users/chinn/OneDrive/Desktop/Embedded_Systems/stm32f401xx/DRIVER_DEVELOPMENT/DRIVERSS/Inc" -O0 -ffunction-sections -fdata-sections -Wall -fstack-usage -fcyclomatic-complexity -MMD -MP -MF"Src/main.d" -MT"Src/main.o" --specs=nano.specs -mfpu=fpv4-sp-d16 -mfloat-abi=hard -mthumb -o "Src/main.o"
arm-none-eabi-gcc "../Src/syscalls.c" -mcpu=cortex-m4 -std=gnu11 -g3 -DDEBUG -DSTM32 -DSTM32F401C_DISCO -DSTM32F4 -DSTM32F401VCTx -c -I../Inc -I"C:/Users/chinn/OneDrive/Desktop/Embedded_Systems/stm32f401xx/DRIVER_DEVELOPMENT/DRIVERSS/Inc" -O0 -ffunction-sections -fdata-sections -Wall -fstack-usage -fcyclomatic-complexity -MMD -MP -MF"Src/syscalls.d" -MT"Src/syscalls.o" --specs=nano.specs -mfpu=fpv4-sp-d16 -mfloat-abi=hard -mthumb -o "Src/syscalls.o"
arm-none-eabi-gcc "../Src/sysmem.c" -mcpu=cortex-m4 -std=gnu11 -g3 -DDEBUG -DSTM32 -DSTM32F401C_DISCO -DSTM32F4 -DSTM32F401VCTx -c -I../Inc -I"C:/Users/chinn/OneDrive/Desktop/Embedded_Systems/stm32f401xx/DRIVER_DEVELOPMENT/DRIVERSS/Inc" -O0 -ffunction-sections -fdata-sections -Wall -fstack-usage -fcyclomatic-complexity -MMD -MP -MF"Src/sysmem.d" -MT"Src/sysmem.o" --specs=nano.specs -mfpu=fpv4-sp-d16 -mfloat-abi=hard -mthumb -o "Src/sysmem.o"
arm-none-eabi-gcc "../Src/toggle.c" -mcpu=cortex-m4 -std=gnu11 -g3 -DDEBUG -DSTM32 -DSTM32F401C_DISCO -DSTM32F4 -DSTM32F401VCTx -c -I../Inc -I"C:/Users/chinn/OneDrive/Desktop/Embedded_Systems/stm32f401xx/DRIVER_DEVELOPMENT/DRIVERSS/Inc" -O0 -ffunction-sections -fdata-sections -Wall -fstack-usage -fcyclomatic-complexity -MMD -MP -MF"Src/toggle.d" -MT"Src/toggle.o" --specs=nano.specs -mfpu=fpv4-sp-d16 -mfloat-abi=hard -mthumb -o "Src/toggle.o"
arm-none-eabi-gcc "../DRIVERSS/Src/stm32f401xx_gpio_driver.c" -mcpu=cortex-m4 -std=gnu11 -g3 -DDEBUG -DSTM32 -DSTM32F401C_DISCO -DSTM32F4 -DSTM32F401VCTx -c -I../Inc -I"C:/Users/chinn/OneDrive/Desktop/Embedded_Systems/stm32f401xx/DRIVER_DEVELOPMENT/DRIVERSS/Inc" -O0 -ffunction-sections -fdata-sections -Wall -fstack-usage -fcyclomatic-complexity -MMD -MP -MF"DRIVERSS/Src/stm32f401xx_gpio_driver.d" -MT"DRIVERSS/Src/stm32f401xx_gpio_driver.o" --specs=nano.specs -mfpu=fpv4-sp-d16 -mfloat-abi=hard -mthumb -o "DRIVERSS/Src/stm32f401xx_gpio_driver.o"
../Src/main.c:22:4: warning: #warning "FPU is not initialized, but the project is compiling for an FPU. Please initialize the FPU before use." [-Wcpp]
   22 |   #warning "FPU is not initialized, but the project is compiling for an FPU. Please initialize the FPU before use."
      |    ^~~~~~~
In file included from C:/Users/chinn/OneDrive/Desktop/Embedded_Systems/stm32f401xx/DRIVER_DEVELOPMENT/DRIVERSS/Inc/stm32f401xx_gpio_driver.h :19,
                 from ../DRIVERSS/Src/stm32f401xx_gpio_driver.c:16:
../DRIVERSS/Src/stm32f401xx_gpio_driver.c: In function 'GPIO_PeriClockControl':
C:/Users/chinn/OneDrive/Desktop/Embedded_Systems/stm32f401xx/DRIVER_DEVELOPMENT/DRIVERSS/Inc/stm32f401xx.h:224:31: error: invalid type argument of '->' (have 'unsigned int')
  224 | #define GPIOA_PCLK_EN()   (RCC->AHB1ENR|= (1<<0))
      |                               ^~
../DRIVERSS/Src/stm32f401xx_gpio_driver.c:23:25: note: in expansion of macro 'GPIOA_PCLK_EN'
   23 |                         GPIOA_PCLK_EN();
      |                         ^~~~~~~~~~~~~
C:/Users/chinn/OneDrive/Desktop/Embedded_Systems/stm32f401xx/DRIVER_DEVELOPMENT/DRIVERSS/Inc/stm32f401xx.h:225:31: error: invalid type argument of '->' (have 'unsigned int')
  225 | #define GPIOB_PCLK_EN()   (RCC->AHB1ENR|= (1<<1))
      |                               ^~
../DRIVERSS/Src/stm32f401xx_gpio_driver.c:27:25: note: in expansion of macro 'GPIOB_PCLK_EN'
   27 |                         GPIOB_PCLK_EN();
      |                         ^~~~~~~~~~~~~
../DRIVERSS/Src/stm32f401xx_gpio_driver.c:29:25: warning: suggest parentheses around assignment used as truth value [-Wparentheses]
   29 |                 else if(pGPIOx=GPIOC)
      |                         ^~~~~~
C:/Users/chinn/OneDrive/Desktop/Embedded_Systems/stm32f401xx/DRIVER_DEVELOPMENT/DRIVERSS/Inc/stm32f401xx.h:226:31: error: invalid type argument of '->' (have 'unsigned int')
  226 | #define GPIOC_PCLK_EN()   (RCC->AHB1ENR|= (1<<2))
      |                               ^~
../DRIVERSS/Src/stm32f401xx_gpio_driver.c:31:25: note: in expansion of macro 'GPIOC_PCLK_EN'
   31 |                         GPIOC_PCLK_EN();
      |                         ^~~~~~~~~~~~~
../DRIVERSS/Src/stm32f401xx_gpio_driver.c:33:25: warning: suggest parentheses around assignment used as truth value [-Wparentheses]
   33 |                 else if(pGPIOx=GPIOD)
      |                         ^~~~~~
C:/Users/chinn/OneDrive/Desktop/Embedded_Systems/stm32f401xx/DRIVER_DEVELOPMENT/DRIVERSS/Inc/stm32f401xx.h:227:31: error: invalid type argument of '->' (have 'unsigned int')
  227 | #define GPIOD_PCLK_EN()   (RCC->AHB1ENR|= (1<<3))
      |                               ^~
../DRIVERSS/Src/stm32f401xx_gpio_driver.c:35:25: note: in expansion of macro 'GPIOD_PCLK_EN'
   35 |                         GPIOD_PCLK_EN();
      |                         ^~~~~~~~~~~~~
../DRIVERSS/Src/stm32f401xx_gpio_driver.c:37:25: warning: suggest parentheses around assignment used as truth value [-Wparentheses]
   37 |                 else if(pGPIOx=GPIOE)
      |                         ^~~~~~
C:/Users/chinn/OneDrive/Desktop/Embedded_Systems/stm32f401xx/DRIVER_DEVELOPMENT/DRIVERSS/Inc/stm32f401xx.h:229:31: error: invalid type argument of '->' (have 'unsigned int')
  229 | #define GPIOF_PCLK_EN()   (RCC->AHB1ENR|= (1<<5))
      |                               ^~
../DRIVERSS/Src/stm32f401xx_gpio_driver.c:39:25: note: in expansion of macro 'GPIOF_PCLK_EN'
   39 |                         GPIOF_PCLK_EN();
      |                         ^~~~~~~~~~~~~
../DRIVERSS/Src/stm32f401xx_gpio_driver.c:41:25: warning: suggest parentheses around assignment used as truth value [-Wparentheses]
   41 |                 else if(pGPIOx=GPIOF)
      |                         ^~~~~~
C:/Users/chinn/OneDrive/Desktop/Embedded_Systems/stm32f401xx/DRIVER_DEVELOPMENT/DRIVERSS/Inc/stm32f401xx.h:229:31: error: invalid type argument of '->' (have 'unsigned int')
  229 | #define GPIOF_PCLK_EN()   (RCC->AHB1ENR|= (1<<5))
      |                               ^~
../DRIVERSS/Src/stm32f401xx_gpio_driver.c:43:25: note: in expansion of macro 'GPIOF_PCLK_EN'
   43 |                         GPIOF_PCLK_EN();
      |                         ^~~~~~~~~~~~~
../DRIVERSS/Src/stm32f401xx_gpio_driver.c:45:25: warning: suggest parentheses around assignment used as truth value [-Wparentheses]
   45 |                 else if(pGPIOx=GPIOG)
      |                         ^~~~~~
C:/Users/chinn/OneDrive/Desktop/Embedded_Systems/stm32f401xx/DRIVER_DEVELOPMENT/DRIVERSS/Inc/stm32f401xx.h:230:31: error: invalid type argument of '->' (have 'unsigned int')
  230 | #define GPIOG_PCLK_EN()   (RCC->AHB1ENR|= (1<<6))
      |                               ^~
../DRIVERSS/Src/stm32f401xx_gpio_driver.c:47:25: note: in expansion of macro 'GPIOG_PCLK_EN'
   47 |                         GPIOG_PCLK_EN();
      |                         ^~~~~~~~~~~~~
../DRIVERSS/Src/stm32f401xx_gpio_driver.c:49:25: warning: suggest parentheses around assignment used as truth value [-Wparentheses]
   49 |                 else if(pGPIOx=GPIOH)
      |                         ^~~~~~
C:/Users/chinn/OneDrive/Desktop/Embedded_Systems/stm32f401xx/DRIVER_DEVELOPMENT/DRIVERSS/Inc/stm32f401xx.h:231:31: error: invalid type argument of '->' (have 'unsigned int')
  231 | #define GPIOH_PCLK_EN()   (RCC->AHB1ENR|= (1<<7))
      |                               ^~
../DRIVERSS/Src/stm32f401xx_gpio_driver.c:51:25: note: in expansion of macro 'GPIOH_PCLK_EN'
   51 |                         GPIOH_PCLK_EN();
      |                         ^~~~~~~~~~~~~
C:/Users/chinn/OneDrive/Desktop/Embedded_Systems/stm32f401xx/DRIVER_DEVELOPMENT/DRIVERSS/Inc/stm32f401xx.h:235:30: error: invalid type argument of '->' (have 'unsigned int')
  235 | #define GPIOA_PCLK_DI()  (RCC->AHB1ENR &=~(1<<0))
      |                              ^~
../DRIVERSS/Src/stm32f401xx_gpio_driver.c:60:41: note: in expansion of macro 'GPIOA_PCLK_DI'
   60 |                                         GPIOA_PCLK_DI();
      |                                         ^~~~~~~~~~~~~
C:/Users/chinn/OneDrive/Desktop/Embedded_Systems/stm32f401xx/DRIVER_DEVELOPMENT/DRIVERSS/Inc/stm32f401xx.h:236:30: error: invalid type argument of '->' (have 'unsigned int')
  236 | #define GPIOB_PCLK_DI()  (RCC->AHB1ENR &=~(1<<1))
      |                              ^~
../DRIVERSS/Src/stm32f401xx_gpio_driver.c:64:41: note: in expansion of macro 'GPIOB_PCLK_DI'
   64 |                                         GPIOB_PCLK_DI();
      |                                         ^~~~~~~~~~~~~
../DRIVERSS/Src/stm32f401xx_gpio_driver.c:66:41: warning: suggest parentheses around assignment used as truth value [-Wparentheses]
   66 |                                 else if(pGPIOx=GPIOC)
      |                                         ^~~~~~
C:/Users/chinn/OneDrive/Desktop/Embedded_Systems/stm32f401xx/DRIVER_DEVELOPMENT/DRIVERSS/Inc/stm32f401xx.h:237:30: error: invalid type argument of '->' (have 'unsigned int')
  237 | #define GPIOC_PCLK_DI()  (RCC->AHB1ENR &=~(1<<2))
      |                              ^~
../DRIVERSS/Src/stm32f401xx_gpio_driver.c:68:41: note: in expansion of macro 'GPIOC_PCLK_DI'
   68 |                                         GPIOC_PCLK_DI();
      |                                         ^~~~~~~~~~~~~
../DRIVERSS/Src/stm32f401xx_gpio_driver.c:70:41: warning: suggest parentheses around assignment used as truth value [-Wparentheses]
   70 |                                 else if(pGPIOx=GPIOD)
      |                                         ^~~~~~
C:/Users/chinn/OneDrive/Desktop/Embedded_Systems/stm32f401xx/DRIVER_DEVELOPMENT/DRIVERSS/Inc/stm32f401xx.h:238:30: error: invalid type argument of '->' (have 'unsigned int')
  238 | #define GPIOD_PCLK_DI()  (RCC->AHB1ENR &=~(1<<3))
      |                              ^~
../DRIVERSS/Src/stm32f401xx_gpio_driver.c:72:57: note: in expansion of macro 'GPIOD_PCLK_DI'
   72 |                                                         GPIOD_PCLK_DI();
      |                                                         ^~~~~~~~~~~~~
../DRIVERSS/Src/stm32f401xx_gpio_driver.c:74:41: warning: suggest parentheses around assignment used as truth value [-Wparentheses]
   74 |                                 else if(pGPIOx=GPIOE)
      |                                         ^~~~~~
C:/Users/chinn/OneDrive/Desktop/Embedded_Systems/stm32f401xx/DRIVER_DEVELOPMENT/DRIVERSS/Inc/stm32f401xx.h:240:30: error: invalid type argument of '->' (have 'unsigned int')
  240 | #define GPIOF_PCLK_DI()  (RCC->AHB1ENR &=~(1<<5))
      |                              ^~
../DRIVERSS/Src/stm32f401xx_gpio_driver.c:76:57: note: in expansion of macro 'GPIOF_PCLK_DI'
   76 |                                                         GPIOF_PCLK_DI();
      |                                                         ^~~~~~~~~~~~~
../DRIVERSS/Src/stm32f401xx_gpio_driver.c:78:41: warning: suggest parentheses around assignment used as truth value [-Wparentheses]
   78 |                                 else if(pGPIOx=GPIOF)
      |                                         ^~~~~~
C:/Users/chinn/OneDrive/Desktop/Embedded_Systems/stm32f401xx/DRIVER_DEVELOPMENT/DRIVERSS/Inc/stm32f401xx.h:240:30: error: invalid type argument of '->' (have 'unsigned int')
  240 | #define GPIOF_PCLK_DI()  (RCC->AHB1ENR &=~(1<<5))
      |                              ^~
../DRIVERSS/Src/stm32f401xx_gpio_driver.c:80:57: note: in expansion of macro 'GPIOF_PCLK_DI'
   80 |                                                         GPIOF_PCLK_DI();
      |                                                         ^~~~~~~~~~~~~
../DRIVERSS/Src/stm32f401xx_gpio_driver.c:82:41: warning: suggest parentheses around assignment used as truth value [-Wparentheses]
   82 |                                 else if(pGPIOx=GPIOG)
      |                                         ^~~~~~
C:/Users/chinn/OneDrive/Desktop/Embedded_Systems/stm32f401xx/DRIVER_DEVELOPMENT/DRIVERSS/Inc/stm32f401xx.h:241:30: error: invalid type argument of '->' (have 'unsigned int')
  241 | #define GPIOG_PCLK_DI()  (RCC->AHB1ENR &=~(1<<6))
      |                              ^~
../DRIVERSS/Src/stm32f401xx_gpio_driver.c:84:57: note: in expansion of macro 'GPIOG_PCLK_DI'
   84 |                                                         GPIOG_PCLK_DI();
      |                                                         ^~~~~~~~~~~~~
../DRIVERSS/Src/stm32f401xx_gpio_driver.c:86:41: warning: suggest parentheses around assignment used as truth value [-Wparentheses]
   86 |                                 else if(pGPIOx=GPIOH)
      |                                         ^~~~~~
C:/Users/chinn/OneDrive/Desktop/Embedded_Systems/stm32f401xx/DRIVER_DEVELOPMENT/DRIVERSS/Inc/stm32f401xx.h:242:30: error: invalid type argument of '->' (have 'unsigned int')
  242 | #define GPIOH_PCLK_DI()  (RCC->AHB1ENR &=~(1<<7))
      |                              ^~
../DRIVERSS/Src/stm32f401xx_gpio_driver.c:88:57: note: in expansion of macro 'GPIOH_PCLK_DI'
   88 |                                                         GPIOH_PCLK_DI();
      |                                                         ^~~~~~~~~~~~~
../DRIVERSS/Src/stm32f401xx_gpio_driver.c: In function 'GPIO_Init':
../DRIVERSS/Src/stm32f401xx_gpio_driver.c:113:104: error: expected ';' before 'pGPIOHandle'
  113 |                 pGPIOHandle->pGPIOx->MODER &=~(0X3 <<(2* pGPIOHandle -> GPIO_PinConfig.GPIO_PinNumber))
      |                                                                                                        ^
      |                                                                                                        ;
  114 |                 pGPIOHandle->pGPIOx->MODER|=temp;
      |                 ~~~~~~~~~~~                                                                             
../DRIVERSS/Src/stm32f401xx_gpio_driver.c:121:25: error: 'EXTI' undeclared (first use in this function)
  121 |                         EXTI->FTSR |=(1<<pGPIOHandle->GPIO_PinConfig.GPIO_PinNumber);
      |                         ^~~~
../DRIVERSS/Src/stm32f401xx_gpio_driver.c:121:25: note: each undeclared identifier is reported only once for each function it appears in
../DRIVERSS/Src/stm32f401xx_gpio_driver.c:129:70: error: 'GPIO_MODE_IT_FRT' undeclared (first use in this function); did you mean 'GPIO_MODE_IT_FT'?
  129 |                 else if (pGPIOHandle->GPIO_PinConfig.GPIO_PinMode == GPIO_MODE_IT_FRT)
      |                                                                      ^~~~~~~~~~~~~~~~
      |                                                                      GPIO_MODE_IT_FT
../DRIVERSS/Src/stm32f401xx_gpio_driver.c:140:46: error: 'GPIO_RegDef_t' has no member named 'OPSEEDR'; did you mean 'OSPEEDR'?
  140 |                         pGPIOHandle->pGPIOx->OPSEEDR |= temp;
      |                                              ^~~~~~~
      |                                              OSPEEDR
../DRIVERSS/Src/stm32f401xx_gpio_driver.c:153:158: error: expected ')' before ';' token
  153 |                                                                         pGPIOHandle->pGPIOx->OTYPER &=~(0X1 <<( pGPIOHandle -> GPIO_PinConfig.GPIO_PinNumber);
      |                                                                                                        ~                                                     ^
      |                                                                                                                                                              )
../DRIVERSS/Src/stm32f401xx_gpio_driver.c:167:26: error: expected ';' before '}' token
  167 |                         }
      |                          ^
      |                          ;
  168 | 
  169 | }
      | ~                         
../DRIVERSS/Src/stm32f401xx_gpio_driver.c: In function 'GPIO_ReadfromInputPin':
../DRIVERSS/Src/stm32f401xx_gpio_driver.c:186:9: error: 'value' undeclared (first use in this function); did you mean 'Value'?
  186 |         value =(uint8_t)((pGPIOx->IDR >> PinNumber) & 0x00000001);
      |         ^~~~~
      |         Value
../DRIVERSS/Src/stm32f401xx_gpio_driver.c: In function 'GPIO_ReadfromInputPort':
../DRIVERSS/Src/stm32f401xx_gpio_driver.c:203:16: error: expected expression before 'uint16_t'
  203 |         Value= uint16_t pGPIOx->IDR;
      |                ^~~~~~~~
../DRIVERSS/Src/stm32f401xx_gpio_driver.c: At top level:
../DRIVERSS/Src/stm32f401xx_gpio_driver.c:237:6: warning: 'GPIO_ToggleOutputPin' defined but not used [-Wunused-function]
  237 | void GPIO_ToggleOutputPin(GPIO_RegDef_t *pGPIOx, uint8_t PinNumber)
      |      ^~~~~~~~~~~~~~~~~~~~
../DRIVERSS/Src/stm32f401xx_gpio_driver.c:229:6: warning: 'GPIO_WriteToOutputPort' defined but not used [-Wunused-function]
  229 | void GPIO_WriteToOutputPort(GPIO_RegDef_t *pGPIOx,uint8_t PinNumber){
      |      ^~~~~~~~~~~~~~~~~~~~~~
make: *** [DRIVERSS/Src/subdir.mk:19: DRIVERSS/Src/stm32f401xx_gpio_driver.o] Error 1
make: *** Waiting for unfinished jobs....
"make -j12 all" terminated with exit code 2. Build might be incomplete.

14:48:31 Build Failed. 26 errors, 15 warnings. (took 698ms)

